#
# There is insufficient memory for the Java Runtime Environment to continue.
# Native memory allocation (malloc) failed to allocate 88816 bytes for Chunk::new
# Possible reasons:
#   The system is out of physical RAM or swap space
#   The process is running with CompressedOops enabled, and the Java Heap may be blocking the growth of the native heap
# Possible solutions:
#   Reduce memory load on the system
#   Increase physical memory or swap space
#   Check if swap backing store is full
#   Decrease Java heap size (-Xmx/-Xms)
#   Decrease number of Java threads
#   Decrease Java thread stack sizes (-Xss)
#   Set larger code cache with -XX:ReservedCodeCacheSize=
#   JVM is running with Unscaled Compressed Oops mode in which the Java heap is
#     placed in the first 4GB address space. The Java Heap base address is the
#     maximum limit for the native heap growth. Please use -XX:HeapBaseMinAddress
#     to set the Java Heap base and to place the Java Heap above 4GB virtual address.
# This output file may be truncated or incomplete.
#
#  Out of Memory Error (allocation.cpp:389), pid=44312, tid=0x000000000000b188
#
# JRE version: Java(TM) SE Runtime Environment (8.0_202-b08) (build 1.8.0_202-b08)
# Java VM: Java HotSpot(TM) 64-Bit Server VM (25.202-b08 mixed mode windows-amd64 compressed oops)
# Failed to write core dump. Minidumps are not enabled by default on client versions of Windows
#

---------------  T H R E A D  ---------------

Current thread (0x0000000019ec6800):  JavaThread "C2 CompilerThread1" daemon [_thread_in_native, id=45448, stack(0x000000001a790000,0x000000001a890000)]

Stack: [0x000000001a790000,0x000000001a890000]
[error occurred during error reporting (printing stack bounds), id 0xc0000005]

Native frames: (J=compiled Java code, j=interpreted, Vv=VM code, C=native code)


Current CompileTask:
C2:   1152 1055       4       jdk.internal.org.objectweb.asm.Item::set (143 bytes)


---------------  P R O C E S S  ---------------

Java Threads: ( => current thread )
  0x000000001b14f000 JavaThread "Exec Stream Pumper" daemon [_thread_in_native, id=20828, stack(0x000000001bcd0000,0x000000001bdd0000)]
  0x000000001b14e000 JavaThread "Exec Stream Pumper" daemon [_thread_in_native, id=35372, stack(0x000000001bbd0000,0x000000001bcd0000)]
  0x000000001b0e6800 JavaThread "Exec Default Executor" daemon [_thread_in_native, id=51108, stack(0x000000001b9d0000,0x000000001bad0000)]
  0x0000000019f56800 JavaThread "Service Thread" daemon [_thread_blocked, id=51232, stack(0x000000001aa90000,0x000000001ab90000)]
  0x0000000019ed9800 JavaThread "C1 CompilerThread3" daemon [_thread_in_native, id=45596, stack(0x000000001a990000,0x000000001aa90000)]
  0x0000000019ecb800 JavaThread "C2 CompilerThread2" daemon [_thread_in_native, id=51320, stack(0x000000001a890000,0x000000001a990000)]
=>0x0000000019ec6800 JavaThread "C2 CompilerThread1" daemon [_thread_in_native, id=45448, stack(0x000000001a790000,0x000000001a890000)]
  0x0000000019ec0000 JavaThread "C2 CompilerThread0" daemon [_thread_in_native, id=50792, stack(0x000000001a690000,0x000000001a790000)]
  0x0000000019eb7000 JavaThread "Attach Listener" daemon [_thread_blocked, id=47404, stack(0x000000001a590000,0x000000001a690000)]
  0x0000000019eb6000 JavaThread "Signal Dispatcher" daemon [_thread_blocked, id=47112, stack(0x000000001a490000,0x000000001a590000)]
  0x00000000030d9000 JavaThread "Finalizer" daemon [_thread_blocked, id=21724, stack(0x000000001a290000,0x000000001a390000)]
  0x00000000030d8000 JavaThread "Reference Handler" daemon [_thread_blocked, id=19504, stack(0x0000000019d90000,0x0000000019e90000)]
  0x000000000319d800 JavaThread "Forwarding newSession on session null to remote" [_thread_in_vm, id=50964, stack(0x0000000002e80000,0x0000000002f80000)]

Other Threads:
  0x0000000017fb9800 VMThread [stack: 0x0000000019c90000,0x0000000019d90000] [id=52396]
  0x0000000019f71000 WatcherThread [stack: 0x000000001ab90000,0x000000001ac90000] [id=47988]

VM state:not at safepoint (normal execution)

VM Mutex/Monitor currently owned by a thread: None

heap address: 0x0000000084000000, size: 1984 MB, Compressed Oops mode: 32-bit
Narrow klass base: 0x0000000000000000, Narrow klass shift: 3
Compressed class space size: 1073741824 Address: 0x0000000100000000

Heap:
 PSYoungGen      total 36864K, used 24821K [0x00000000d6b00000, 0x00000000d9400000, 0x0000000100000000)
  eden space 31744K, 78% used [0x00000000d6b00000,0x00000000d833d4f0,0x00000000d8a00000)
  from space 5120K, 0% used [0x00000000d8f00000,0x00000000d8f00000,0x00000000d9400000)
  to   space 5120K, 0% used [0x00000000d8a00000,0x00000000d8a00000,0x00000000d8f00000)
 ParOldGen       total 84992K, used 0K [0x0000000084000000, 0x0000000089300000, 0x00000000d6b00000)
  object space 84992K, 0% used [0x0000000084000000,0x0000000084000000,0x0000000089300000)
 Metaspace       used 10476K, capacity 10842K, committed 11008K, reserved 1058816K
  class space    used 1286K, capacity 1433K, committed 1536K, reserved 1048576K

Card table byte_map: [0x0000000012560000,0x0000000012950000] byte_map_base: 0x0000000012140000

Marking Bits: (ParMarkBitMap*) 0x000000006a1e5ce0
 Begin Bits: [0x00000000133f0000, 0x00000000152f0000)
 End Bits:   [0x00000000152f0000, 0x00000000171f0000)

Polling page: 0x0000000001640000

CodeCache: size=245760Kb used=3789Kb max_used=3801Kb free=241970Kb
 bounds [0x00000000031a0000, 0x0000000003560000, 0x00000000121a0000]
 total_blobs=1423 nmethods=1074 adapters=262
 compilation: enabled

Compilation events (10 events):
Event: 1.149 Thread 0x0000000019ed9800 1058       3       sun.net.www.ParseUtil::canonizeString (195 bytes)
Event: 1.150 Thread 0x0000000019ed9800 nmethod 1058 0x0000000003549690 code [0x0000000003549a40, 0x000000000354bea8]
Event: 1.150 Thread 0x0000000019ed9800 1063       3       java.util.Formatter$Flags::contains (22 bytes)
Event: 1.150 Thread 0x0000000019ec0000 nmethod 1008 0x000000000354ce90 code [0x000000000354d1e0, 0x000000000354eb10]
Event: 1.150 Thread 0x0000000019ed9800 nmethod 1063 0x000000000353e990 code [0x000000000353eb00, 0x000000000353ecf0]
Event: 1.150 Thread 0x0000000019ed9800 1064       3       java.util.regex.Matcher::end (22 bytes)
Event: 1.150 Thread 0x0000000019ed9800 nmethod 1064 0x00000000035491d0 code [0x0000000003549340, 0x00000000035495a8]
Event: 1.150 Thread 0x0000000019ed9800 1060       3       java.lang.invoke.MemberName::getType (19 bytes)
Event: 1.150 Thread 0x0000000019ed9800 nmethod 1060 0x0000000003548610 code [0x00000000035487a0, 0x0000000003548cf8]
Event: 1.150 Thread 0x0000000019ed9800 1067   !   3       sun.misc.Resource::getBytes (242 bytes)

GC Heap History (0 events):
No events

Deoptimization events (10 events):
Event: 0.162 Thread 0x000000000319d800 Uncommon trap: reason=unstable_if action=reinterpret pc=0x0000000003339b54 method=java.lang.String.indexOf([CII[CIII)I @ 134
Event: 0.289 Thread 0x000000000319d800 Uncommon trap: reason=unstable_if action=reinterpret pc=0x000000000332db88 method=java.lang.String.startsWith(Ljava/lang/String;I)Z @ 25
Event: 0.344 Thread 0x000000000319d800 Uncommon trap: reason=unstable_if action=reinterpret pc=0x000000000342bcb0 method=java.io.ByteArrayInputStream.read([BII)I @ 63
Event: 0.370 Thread 0x000000000319d800 Uncommon trap: reason=unstable_if action=reinterpret pc=0x00000000033f9950 method=java.io.ByteArrayInputStream.read()I @ 8
Event: 0.455 Thread 0x000000000319d800 Uncommon trap: reason=class_check action=maybe_recompile pc=0x000000000346609c method=java.util.regex.Pattern$BmpCharProperty.match(Ljava/util/regex/Matcher;ILjava/lang/CharSequence;)Z @ 31
Event: 0.455 Thread 0x000000000319d800 Uncommon trap: reason=unstable_if action=reinterpret pc=0x0000000003466038 method=java.util.regex.Pattern$BmpCharProperty.match(Ljava/util/regex/Matcher;ILjava/lang/CharSequence;)Z @ 5
Event: 0.601 Thread 0x000000000319d800 Uncommon trap: reason=unstable_if action=reinterpret pc=0x00000000034caa80 method=java.util.regex.Matcher.reset()Ljava/util/regex/Matcher; @ 47
Event: 0.610 Thread 0x000000000319d800 Uncommon trap: reason=unstable_if action=reinterpret pc=0x000000000331bf9c method=java.lang.String.replace(CC)Ljava/lang/String; @ 2
Event: 0.611 Thread 0x000000000319d800 Uncommon trap: reason=unstable_if action=reinterpret pc=0x00000000033c875c method=java.lang.CharacterDataLatin1.digit(II)I @ 82
Event: 1.121 Thread 0x000000000319d800 Uncommon trap: reason=unstable_if action=reinterpret pc=0x00000000034a4be0 method=java.util.Arrays.equals([B[B)Z @ 2

Classes redefined (0 events):
No events

Internal exceptions (10 events):
Event: 0.241 Thread 0x000000000319d800 Exception <a 'java/security/PrivilegedActionException'> (0x00000000d71c64d8) thrown at [C:\re\workspace\8-2-build-windows-amd64-cygwin\jdk8u202\12323\hotspot\src\share\vm\prims\jvm.cpp, line 1502]
Event: 1.127 Thread 0x000000000319d800 Exception <a 'java/lang/IncompatibleClassChangeError': Found class java.lang.Object, but interface was expected> (0x00000000d81c9c18) thrown at [C:\re\workspace\8-2-build-windows-amd64-cygwin\jdk8u202\12323\hotspot\src\share\vm\interpreter\linkResolver.cp
Event: 1.129 Thread 0x000000000319d800 Exception <a 'java/lang/NoSuchMethodError': java.lang.Object.lambda$or$2(Ljava/util/function/Predicate;Ljava/lang/Object;)Z> (0x00000000d81d75f0) thrown at [C:\re\workspace\8-2-build-windows-amd64-cygwin\jdk8u202\12323\hotspot\src\share\vm\interpreter\lin
Event: 1.134 Thread 0x000000000319d800 Exception <a 'java/lang/ArrayIndexOutOfBoundsException': 18> (0x00000000d8223728) thrown at [C:\re\workspace\8-2-build-windows-amd64-cygwin\jdk8u202\12323\hotspot\src\share\vm\interpreter\interpreterRuntime.cpp, line 368]
Event: 1.134 Thread 0x000000000319d800 Exception <a 'java/lang/ArrayIndexOutOfBoundsException': 110> (0x00000000d8224dc0) thrown at [C:\re\workspace\8-2-build-windows-amd64-cygwin\jdk8u202\12323\hotspot\src\share\vm\interpreter\interpreterRuntime.cpp, line 368]
Event: 1.134 Thread 0x000000000319d800 Exception <a 'java/lang/ArrayIndexOutOfBoundsException'> (0x00000000d8226280) thrown at [C:\re\workspace\8-2-build-windows-amd64-cygwin\jdk8u202\12323\hotspot\src\share\vm\runtime\sharedRuntime.cpp, line 605]
Event: 1.135 Thread 0x000000000319d800 Exception <a 'java/lang/ArrayIndexOutOfBoundsException'> (0x00000000d8227640) thrown at [C:\re\workspace\8-2-build-windows-amd64-cygwin\jdk8u202\12323\hotspot\src\share\vm\runtime\sharedRuntime.cpp, line 605]
Event: 1.135 Thread 0x000000000319d800 Exception <a 'java/lang/ArrayIndexOutOfBoundsException'> (0x00000000d82288b8) thrown at [C:\re\workspace\8-2-build-windows-amd64-cygwin\jdk8u202\12323\hotspot\src\share\vm\runtime\sharedRuntime.cpp, line 605]
Event: 1.135 Thread 0x000000000319d800 Exception <a 'java/lang/ArrayIndexOutOfBoundsException'> (0x00000000d822ccc0) thrown at [C:\re\workspace\8-2-build-windows-amd64-cygwin\jdk8u202\12323\hotspot\src\share\vm\runtime\sharedRuntime.cpp, line 605]
Event: 1.135 Thread 0x000000000319d800 Exception <a 'java/lang/ArrayIndexOutOfBoundsException'> (0x00000000d82305a0) thrown at [C:\re\workspace\8-2-build-windows-amd64-cygwin\jdk8u202\12323\hotspot\src\share\vm\runtime\sharedRuntime.cpp, line 605]

Events (10 events):
Event: 1.145 loading class org/openqa/selenium/json/InstanceCoercer
Event: 1.145 loading class org/openqa/selenium/json/InstanceCoercer done
Event: 1.146 loading class org/openqa/selenium/json/JsonOutput
Event: 1.146 loading class org/openqa/selenium/json/JsonOutput done
Event: 1.147 loading class com/google/gson/JsonElement
Event: 1.147 loading class com/google/gson/JsonElement done
Event: 1.150 loading class org/openqa/selenium/json/JsonOutput$Empty
Event: 1.150 loading class org/openqa/selenium/json/JsonOutput$Empty done
Event: 1.150 loading class org/openqa/selenium/json/JsonOutput$Node
Event: 1.150 loading class org/openqa/selenium/json/JsonOutput$Node done


Dynamic libraries:
0x00007ff7fc530000 - 0x00007ff7fc567000 	C:\Program Files\Java\jre1.8.0_202\bin\javaw.exe
0x00007ffb243d0000 - 0x00007ffb245c8000 	C:\WINDOWS\SYSTEM32\ntdll.dll
0x00007ffb24220000 - 0x00007ffb242dd000 	C:\WINDOWS\System32\KERNEL32.DLL
0x00007ffb21d10000 - 0x00007ffb21fe2000 	C:\WINDOWS\System32\KERNELBASE.dll
0x00007ffb24170000 - 0x00007ffb2421e000 	C:\WINDOWS\System32\ADVAPI32.dll
0x00007ffb242e0000 - 0x00007ffb2437e000 	C:\WINDOWS\System32\msvcrt.dll
0x00007ffb22df0000 - 0x00007ffb22e8c000 	C:\WINDOWS\System32\sechost.dll
0x00007ffb237f0000 - 0x00007ffb23915000 	C:\WINDOWS\System32\RPCRT4.dll
0x00007ffb22490000 - 0x00007ffb2262d000 	C:\WINDOWS\System32\USER32.dll
0x00007ffb21ae0000 - 0x00007ffb21b02000 	C:\WINDOWS\System32\win32u.dll
0x00007ffb22690000 - 0x00007ffb226bb000 	C:\WINDOWS\System32\GDI32.dll
0x00007ffb220c0000 - 0x00007ffb221cf000 	C:\WINDOWS\System32\gdi32full.dll
0x00007ffb21ff0000 - 0x00007ffb2208d000 	C:\WINDOWS\System32\msvcp_win.dll
0x00007ffb22330000 - 0x00007ffb22430000 	C:\WINDOWS\System32\ucrtbase.dll
0x00007ffb0ea30000 - 0x00007ffb0ecca000 	C:\WINDOWS\WinSxS\amd64_microsoft.windows.common-controls_6595b64144ccf1df_6.0.19041.1110_none_60b5254171f9507e\COMCTL32.dll
0x00007ffb22d00000 - 0x00007ffb22d30000 	C:\WINDOWS\System32\IMM32.DLL
0x0000000069540000 - 0x0000000069612000 	C:\Program Files\Java\jre1.8.0_202\bin\msvcr100.dll
0x00000000699c0000 - 0x000000006a265000 	C:\Program Files\Java\jre1.8.0_202\bin\server\jvm.dll
0x00007ffb22fe0000 - 0x00007ffb22fe8000 	C:\WINDOWS\System32\PSAPI.DLL
0x00007ffb1d130000 - 0x00007ffb1d139000 	C:\WINDOWS\SYSTEM32\WSOCK32.dll
0x00007ffb1a600000 - 0x00007ffb1a60a000 	C:\WINDOWS\SYSTEM32\VERSION.dll
0x00007ffb0e090000 - 0x00007ffb0e0b7000 	C:\WINDOWS\SYSTEM32\WINMM.dll
0x00007ffb22e90000 - 0x00007ffb22efb000 	C:\WINDOWS\System32\WS2_32.dll
0x00007ffb1b420000 - 0x00007ffb1b42f000 	C:\Program Files\Java\jre1.8.0_202\bin\verify.dll
0x00007ffb0d6a0000 - 0x00007ffb0d6c9000 	C:\Program Files\Java\jre1.8.0_202\bin\java.dll
0x00007ffb1af40000 - 0x00007ffb1af56000 	C:\Program Files\Java\jre1.8.0_202\bin\zip.dll
0x00007ffb22ff0000 - 0x00007ffb23733000 	C:\WINDOWS\System32\SHELL32.dll
0x00007ffb1fb80000 - 0x00007ffb20311000 	C:\WINDOWS\SYSTEM32\windows.storage.dll
0x00007ffb229a0000 - 0x00007ffb22cf4000 	C:\WINDOWS\System32\combase.dll
0x00007ffb21540000 - 0x00007ffb21570000 	C:\WINDOWS\SYSTEM32\Wldp.dll
0x00007ffb23740000 - 0x00007ffb237ed000 	C:\WINDOWS\System32\SHCORE.dll
0x00007ffb23920000 - 0x00007ffb23975000 	C:\WINDOWS\System32\shlwapi.dll
0x00007ffb21a20000 - 0x00007ffb21a3f000 	C:\WINDOWS\SYSTEM32\profapi.dll
0x00007ffb12520000 - 0x00007ffb1253a000 	C:\Program Files\Java\jre1.8.0_202\bin\net.dll
0x00007ffb120a0000 - 0x00007ffb1228d000 	C:\WINDOWS\SYSTEM32\urlmon.dll
0x00007ffb11da0000 - 0x00007ffb12051000 	C:\WINDOWS\SYSTEM32\iertutil.dll
0x00007ffb12060000 - 0x00007ffb12088000 	C:\WINDOWS\SYSTEM32\srvcli.dll
0x00007ffb20f80000 - 0x00007ffb20f8c000 	C:\WINDOWS\SYSTEM32\netutils.dll
0x00007ffb212a0000 - 0x00007ffb2130a000 	C:\WINDOWS\system32\mswsock.dll
0x00007ffb20f90000 - 0x00007ffb2105a000 	C:\WINDOWS\SYSTEM32\DNSAPI.dll
0x00007ffb20f40000 - 0x00007ffb20f7b000 	C:\WINDOWS\SYSTEM32\IPHLPAPI.DLL
0x00007ffb24380000 - 0x00007ffb24388000 	C:\WINDOWS\System32\NSI.dll
0x00007ffb11c60000 - 0x00007ffb11c6a000 	C:\Windows\System32\rasadhlp.dll
0x00007ffb12560000 - 0x00007ffb125e0000 	C:\WINDOWS\System32\fwpuclnt.dll
0x00007ffb22090000 - 0x00007ffb220b7000 	C:\WINDOWS\System32\bcrypt.dll
0x00007ffb05fe0000 - 0x00007ffb06004000 	C:\Program Files\Java\jre1.8.0_202\bin\sunec.dll
0x00007ffb1af00000 - 0x00007ffb1af0b000 	C:\Program Files\Java\jre1.8.0_202\bin\sunmscapi.dll
0x00007ffb221d0000 - 0x00007ffb22326000 	C:\WINDOWS\System32\CRYPT32.dll
0x00007ffb160a0000 - 0x00007ffb160b7000 	C:\WINDOWS\SYSTEM32\dhcpcsvc6.DLL
0x00007ffb16830000 - 0x00007ffb1684d000 	C:\WINDOWS\SYSTEM32\dhcpcsvc.DLL
0x00007ffb0cea0000 - 0x00007ffb0ceb2000 	C:\Program Files\Java\jre1.8.0_202\bin\nio.dll
0x00007ffb21490000 - 0x00007ffb214a8000 	C:\WINDOWS\SYSTEM32\CRYPTSP.dll
0x00007ffb20b50000 - 0x00007ffb20b84000 	C:\WINDOWS\system32\rsaenh.dll
0x00007ffb219e0000 - 0x00007ffb21a0e000 	C:\WINDOWS\SYSTEM32\USERENV.dll
0x00007ffb21c80000 - 0x00007ffb21d02000 	C:\WINDOWS\System32\bcryptprimitives.dll
0x00007ffb214b0000 - 0x00007ffb214bc000 	C:\WINDOWS\SYSTEM32\CRYPTBASE.dll

VM Arguments:
jvm_args: -Dfile.encoding=Cp1252 
java_command: day01.browseropening.Orangehrm
java_class_path (initial): D:\Automation\workspace\seleniumlessons\bin;D:\Automation\workspace\seleniumlessons\jars\byte-buddy-1.8.15.jar;D:\Automation\workspace\seleniumlessons\jars\client-combined-3.141.59.jar;D:\Automation\workspace\seleniumlessons\jars\client-combined-3.141.59-sources.jar;D:\Automation\workspace\seleniumlessons\jars\commons-exec-1.3.jar;D:\Automation\workspace\seleniumlessons\jars\guava-25.0-jre.jar;D:\Automation\workspace\seleniumlessons\jars\okhttp-3.11.0.jar;D:\Automation\workspace\seleniumlessons\jars\okio-1.14.0.jar
Launcher Type: SUN_STANDARD

Environment Variables:
PATH=C:/Program Files/Java/jre1.8.0_202/bin/server;C:/Program Files/Java/jre1.8.0_202/bin;C:/Program Files/Java/jre1.8.0_202/lib/amd64;C:\Program Files (x86)\Common Files\Oracle\Java\javapath;C:\WINDOWS\system32;C:\WINDOWS;C:\WINDOWS\System32\Wbem;C:\WINDOWS\System32\WindowsPowerShell\v1.0\;C:\WINDOWS\System32\OpenSSH\;C:\Program Files\Java\jdk1.8.0_202\bin;C:\Program Files\MySQL\MySQL Shell 8.0\bin\;C:\Users\Radha\AppData\Local\Microsoft\WindowsApps;;D:\Automation\software\eclipse-jee-2018-09-win32-x86_64\eclipse;
USERNAME=Radha
OS=Windows_NT
PROCESSOR_IDENTIFIER=Intel64 Family 6 Model 126 Stepping 5, GenuineIntel



---------------  S Y S T E M  ---------------

OS: Windows 10.0 , 64 bit Build 19041 (10.0.19041.1889)

CPU:total 8 (initial active 8) (4 cores per cpu, 2 threads per core) family 6 model 126 stepping 5, cmov, cx8, fxsr, mmx, sse, sse2, sse3, ssse3, sse4.1, sse4.2, popcnt, avx, avx2, aes, clmul, erms, 3dnowpref, lzcnt, ht, tsc, tscinvbit, bmi1, bmi2, adx

Memory: 4k page, physical 8121208k(1106644k free), swap 16149408k(2180k free)

vm_info: Java HotSpot(TM) 64-Bit Server VM (25.202-b08) for windows-amd64 JRE (1.8.0_202-b08), built on Dec 15 2018 19:54:30 by "java_re" with MS VC++ 10.0 (VS2010)

time: Mon Dec 26 19:03:56 2022
timezone: GMT Standard Time
elapsed time: 1 seconds (0d 0h 0m 1s)

